{"/Users/jmsims2/starter-kit/src/assets/andy.jpeg": {"path":"/Users/jmsims2/starter-kit/src/assets/andy.jpeg","statementMap":{"0":{"start":{"line":1,"column":0},"end":{"line":4,"column":6}}},"fnMap":{},"branchMap":{},"s":{"0":2},"f":{},"b":{},"inputSourceMap":null,"_coverageSchema":"1a1c01bbd47fc00a2c39e90264f33305004495a9","hash":"8301bedf42992a3231e6ae91146370847c7bf357"}
,"/Users/jmsims2/starter-kit/src/assets/spot_black_dropshadow_gradient.png": {"path":"/Users/jmsims2/starter-kit/src/assets/spot_black_dropshadow_gradient.png","statementMap":{"0":{"start":{"line":1,"column":0},"end":{"line":4,"column":6}}},"fnMap":{},"branchMap":{},"s":{"0":3},"f":{},"b":{},"inputSourceMap":null,"_coverageSchema":"1a1c01bbd47fc00a2c39e90264f33305004495a9","hash":"9daba3f8f7641ca7ad946183592c6b54e1603af5"}
,"/Users/jmsims2/starter-kit/src/components/AddSpot.tsx": {"path":"/Users/jmsims2/starter-kit/src/components/AddSpot.tsx","statementMap":{"0":{"start":{"line":13,"column":27},"end":{"line":34,"column":1}},"1":{"start":{"line":14,"column":28},"end":{"line":14,"column":43}},"2":{"start":{"line":16,"column":15},"end":{"line":22,"column":3}},"3":{"start":{"line":17,"column":4},"end":{"line":21,"column":7}},"4":{"start":{"line":19,"column":8},"end":{"line":19,"column":37}},"5":{"start":{"line":23,"column":2},"end":{"line":33,"column":4}}},"fnMap":{"0":{"name":"(anonymous_0)","decl":{"start":{"line":13,"column":27},"end":{"line":13,"column":28}},"loc":{"start":{"line":13,"column":73},"end":{"line":34,"column":1}},"line":13},"1":{"name":"(anonymous_1)","decl":{"start":{"line":16,"column":15},"end":{"line":16,"column":16}},"loc":{"start":{"line":16,"column":21},"end":{"line":22,"column":3}},"line":16},"2":{"name":"(anonymous_2)","decl":{"start":{"line":18,"column":17},"end":{"line":18,"column":18}},"loc":{"start":{"line":18,"column":23},"end":{"line":20,"column":7}},"line":18}},"branchMap":{"0":{"loc":{"start":{"line":27,"column":7},"end":{"line":27,"column":71}},"type":"binary-expr","locations":[{"start":{"line":27,"column":7},"end":{"line":27,"column":12}},{"start":{"line":27,"column":16},"end":{"line":27,"column":71}}],"line":27}},"s":{"0":2,"1":10,"2":10,"3":2,"4":1,"5":10},"f":{"0":10,"1":2,"2":1},"b":{"0":[10,1]},"_coverageSchema":"1a1c01bbd47fc00a2c39e90264f33305004495a9","hash":"a72cd15df27b1f6919a6eaf65389b1d27f6c70fb"}
,"/Users/jmsims2/starter-kit/src/components/SpotDataContext.tsx": {"path":"/Users/jmsims2/starter-kit/src/components/SpotDataContext.tsx","statementMap":{"0":{"start":{"line":5,"column":31},"end":{"line":5,"column":79}},"1":{"start":{"line":6,"column":24},"end":{"line":10,"column":1}},"2":{"start":{"line":12,"column":32},"end":{"line":16,"column":1}},"3":{"start":{"line":13,"column":2},"end":{"line":15,"column":29}}},"fnMap":{"0":{"name":"(anonymous_0)","decl":{"start":{"line":12,"column":32},"end":{"line":12,"column":33}},"loc":{"start":{"line":13,"column":2},"end":{"line":15,"column":29}},"line":13}},"branchMap":{},"s":{"0":2,"1":2,"2":2,"3":4},"f":{"0":4},"b":{},"_coverageSchema":"1a1c01bbd47fc00a2c39e90264f33305004495a9","hash":"8e490d0980e9efdc34afbe38b97d0fb372e96e3c"}
,"/Users/jmsims2/starter-kit/src/components/SpotFooter.tsx": {"path":"/Users/jmsims2/starter-kit/src/components/SpotFooter.tsx","statementMap":{"0":{"start":{"line":17,"column":15},"end":{"line":54,"column":2}},"1":{"start":{"line":56,"column":26},"end":{"line":86,"column":1}},"2":{"start":{"line":57,"column":2},"end":{"line":85,"column":9}},"3":{"start":{"line":68,"column":23},"end":{"line":68,"column":51}}},"fnMap":{"0":{"name":"(anonymous_0)","decl":{"start":{"line":56,"column":26},"end":{"line":56,"column":27}},"loc":{"start":{"line":57,"column":2},"end":{"line":85,"column":9}},"line":57},"1":{"name":"(anonymous_1)","decl":{"start":{"line":68,"column":17},"end":{"line":68,"column":18}},"loc":{"start":{"line":68,"column":23},"end":{"line":68,"column":51}},"line":68}},"branchMap":{"0":{"loc":{"start":{"line":79,"column":8},"end":{"line":79,"column":41}},"type":"cond-expr","locations":[{"start":{"line":79,"column":32},"end":{"line":79,"column":35}},{"start":{"line":79,"column":38},"end":{"line":79,"column":41}}],"line":79},"1":{"loc":{"start":{"line":82,"column":8},"end":{"line":82,"column":42}},"type":"cond-expr","locations":[{"start":{"line":82,"column":33},"end":{"line":82,"column":36}},{"start":{"line":82,"column":39},"end":{"line":82,"column":42}}],"line":82}},"s":{"0":3,"1":3,"2":7,"3":2},"f":{"0":7,"1":2},"b":{"0":[3,4],"1":[4,3]},"_coverageSchema":"1a1c01bbd47fc00a2c39e90264f33305004495a9","hash":"a6b4471d60a76363f657a47e71d7a76bf4350ce9"}
,"/Users/jmsims2/starter-kit/src/components/SpotMarker.tsx": {"path":"/Users/jmsims2/starter-kit/src/components/SpotMarker.tsx","statementMap":{"0":{"start":{"line":12,"column":26},"end":{"line":30,"column":1}},"1":{"start":{"line":17,"column":20},"end":{"line":20,"column":4}},"2":{"start":{"line":21,"column":2},"end":{"line":29,"column":4}}},"fnMap":{"0":{"name":"(anonymous_0)","decl":{"start":{"line":12,"column":26},"end":{"line":12,"column":27}},"loc":{"start":{"line":16,"column":23},"end":{"line":30,"column":1}},"line":16}},"branchMap":{},"s":{"0":3,"1":1,"2":1},"f":{"0":1},"b":{},"_coverageSchema":"1a1c01bbd47fc00a2c39e90264f33305004495a9","hash":"a1b115d4fd1a73336142213aa8b7317e5f9403f9"}
,"/Users/jmsims2/starter-kit/src/components/index.ts": {"path":"/Users/jmsims2/starter-kit/src/components/index.ts","statementMap":{},"fnMap":{},"branchMap":{},"s":{},"f":{},"b":{},"_coverageSchema":"1a1c01bbd47fc00a2c39e90264f33305004495a9","hash":"b4c82df06626454965f59b315d5638f54c1b4076"}
,"/Users/jmsims2/starter-kit/src/hooks/useCreateSpot.ts": {"path":"/Users/jmsims2/starter-kit/src/hooks/useCreateSpot.ts","statementMap":{"0":{"start":{"line":7,"column":19},"end":{"line":7,"column":52}},"1":{"start":{"line":8,"column":2},"end":{"line":10,"column":3}},"2":{"start":{"line":9,"column":4},"end":{"line":9,"column":76}},"3":{"start":{"line":12,"column":2},"end":{"line":19,"column":5}},"4":{"start":{"line":13,"column":28},"end":{"line":16,"column":6}},"5":{"start":{"line":17,"column":4},"end":{"line":17,"column":46}},"6":{"start":{"line":17,"column":15},"end":{"line":17,"column":46}},"7":{"start":{"line":18,"column":4},"end":{"line":18,"column":16}}},"fnMap":{"0":{"name":"useCreateSpot","decl":{"start":{"line":6,"column":16},"end":{"line":6,"column":29}},"loc":{"start":{"line":6,"column":32},"end":{"line":20,"column":1}},"line":6},"1":{"name":"(anonymous_1)","decl":{"start":{"line":12,"column":21},"end":{"line":12,"column":22}},"loc":{"start":{"line":12,"column":79},"end":{"line":19,"column":3}},"line":12}},"branchMap":{"0":{"loc":{"start":{"line":8,"column":2},"end":{"line":10,"column":3}},"type":"if","locations":[{"start":{"line":8,"column":2},"end":{"line":10,"column":3}},{"start":{"line":8,"column":2},"end":{"line":10,"column":3}}],"line":8},"1":{"loc":{"start":{"line":17,"column":4},"end":{"line":17,"column":46}},"type":"if","locations":[{"start":{"line":17,"column":4},"end":{"line":17,"column":46}},{"start":{"line":17,"column":4},"end":{"line":17,"column":46}}],"line":17}},"s":{"0":10,"1":10,"2":0,"3":10,"4":2,"5":2,"6":1,"7":1},"f":{"0":10,"1":2},"b":{"0":[0,10],"1":[1,1]},"_coverageSchema":"1a1c01bbd47fc00a2c39e90264f33305004495a9","hash":"1b6217c1dc0a9cb5c8ff852cd78100ab21fe86fb"}
,"/Users/jmsims2/starter-kit/src/hooks/useGeolocation.ts": {"path":"/Users/jmsims2/starter-kit/src/hooks/useGeolocation.ts","statementMap":{"0":{"start":{"line":18,"column":16},"end":{"line":25,"column":1}},"1":{"start":{"line":19,"column":2},"end":{"line":24,"column":3}},"2":{"start":{"line":21,"column":6},"end":{"line":21,"column":53}},"3":{"start":{"line":23,"column":6},"end":{"line":23,"column":80}},"4":{"start":{"line":28,"column":28},"end":{"line":34,"column":4}},"5":{"start":{"line":36,"column":2},"end":{"line":46,"column":9}},"6":{"start":{"line":37,"column":20},"end":{"line":43,"column":5}},"7":{"start":{"line":39,"column":8},"end":{"line":39,"column":62}},"8":{"start":{"line":41,"column":11},"end":{"line":41,"column":62}},"9":{"start":{"line":45,"column":4},"end":{"line":45,"column":49}},"10":{"start":{"line":45,"column":17},"end":{"line":45,"column":48}},"11":{"start":{"line":48,"column":2},"end":{"line":48,"column":15}}},"fnMap":{"0":{"name":"(anonymous_0)","decl":{"start":{"line":18,"column":16},"end":{"line":18,"column":17}},"loc":{"start":{"line":18,"column":50},"end":{"line":25,"column":1}},"line":18},"1":{"name":"useGeolocation","decl":{"start":{"line":27,"column":16},"end":{"line":27,"column":30}},"loc":{"start":{"line":27,"column":33},"end":{"line":49,"column":1}},"line":27},"2":{"name":"(anonymous_2)","decl":{"start":{"line":36,"column":12},"end":{"line":36,"column":13}},"loc":{"start":{"line":36,"column":18},"end":{"line":46,"column":3}},"line":36},"3":{"name":"(anonymous_3)","decl":{"start":{"line":38,"column":6},"end":{"line":38,"column":7}},"loc":{"start":{"line":38,"column":11},"end":{"line":40,"column":7}},"line":38},"4":{"name":"(anonymous_4)","decl":{"start":{"line":41,"column":6},"end":{"line":41,"column":7}},"loc":{"start":{"line":41,"column":11},"end":{"line":41,"column":62}},"line":41},"5":{"name":"(anonymous_5)","decl":{"start":{"line":45,"column":11},"end":{"line":45,"column":12}},"loc":{"start":{"line":45,"column":17},"end":{"line":45,"column":48}},"line":45}},"branchMap":{"0":{"loc":{"start":{"line":19,"column":2},"end":{"line":24,"column":3}},"type":"switch","locations":[{"start":{"line":20,"column":4},"end":{"line":21,"column":53}},{"start":{"line":22,"column":4},"end":{"line":23,"column":80}}],"line":19}},"s":{"0":2,"1":3,"2":3,"3":0,"4":6,"5":6,"6":3,"7":3,"8":0,"9":3,"10":2,"11":6},"f":{"0":3,"1":6,"2":3,"3":3,"4":0,"5":2},"b":{"0":[3,0]},"_coverageSchema":"1a1c01bbd47fc00a2c39e90264f33305004495a9","hash":"eeb59d59cd0f328047246369c968a8cc28325dae"}
,"/Users/jmsims2/starter-kit/src/mock-api/baseResource.ts": {"path":"/Users/jmsims2/starter-kit/src/mock-api/baseResource.ts","statementMap":{"0":{"start":{"line":1,"column":28},"end":{"line":1,"column":78}}},"fnMap":{},"branchMap":{},"s":{"0":6},"f":{},"b":{},"_coverageSchema":"1a1c01bbd47fc00a2c39e90264f33305004495a9","hash":"da0c4bb591992ac0cb8c0e41bc4f384a13ae2132"}
,"/Users/jmsims2/starter-kit/src/mock-api/createSpotHandler.ts": {"path":"/Users/jmsims2/starter-kit/src/mock-api/createSpotHandler.ts","statementMap":{"0":{"start":{"line":4,"column":29},"end":{"line":4,"column":66}},"1":{"start":{"line":6,"column":40},"end":{"line":18,"column":1}},"2":{"start":{"line":8,"column":4},"end":{"line":16,"column":6}}},"fnMap":{"0":{"name":"(anonymous_0)","decl":{"start":{"line":7,"column":27},"end":{"line":7,"column":28}},"loc":{"start":{"line":7,"column":46},"end":{"line":17,"column":3}},"line":7}},"branchMap":{},"s":{"0":6,"1":6,"2":1},"f":{"0":1},"b":{},"_coverageSchema":"1a1c01bbd47fc00a2c39e90264f33305004495a9","hash":"9a96d29fbd822f4d43e8cd28b8e010e697960bce"}
,"/Users/jmsims2/starter-kit/src/mock-api/index.ts": {"path":"/Users/jmsims2/starter-kit/src/mock-api/index.ts","statementMap":{},"fnMap":{},"branchMap":{},"s":{},"f":{},"b":{},"_coverageSchema":"1a1c01bbd47fc00a2c39e90264f33305004495a9","hash":"2bfc31add64fbbd97198dc191d4f7e54ed89a09d"}
,"/Users/jmsims2/starter-kit/src/mock-api/server.ts": {"path":"/Users/jmsims2/starter-kit/src/mock-api/server.ts","statementMap":{"0":{"start":{"line":5,"column":71},"end":{"line":9,"column":73}},"1":{"start":{"line":9,"column":5},"end":{"line":9,"column":73}},"2":{"start":{"line":10,"column":15},"end":{"line":10,"column":55}}},"fnMap":{"0":{"name":"(anonymous_0)","decl":{"start":{"line":5,"column":71},"end":{"line":5,"column":72}},"loc":{"start":{"line":9,"column":5},"end":{"line":9,"column":73}},"line":9}},"branchMap":{},"s":{"0":6,"1":1,"2":6},"f":{"0":1},"b":{},"_coverageSchema":"1a1c01bbd47fc00a2c39e90264f33305004495a9","hash":"4ae8d15968a1ce032162b112cd686b093276f18c"}
,"/Users/jmsims2/starter-kit/src/screens/SpotControls.tsx": {"path":"/Users/jmsims2/starter-kit/src/screens/SpotControls.tsx","statementMap":{"0":{"start":{"line":14,"column":28},"end":{"line":33,"column":1}},"1":{"start":{"line":15,"column":19},"end":{"line":15,"column":50}},"2":{"start":{"line":16,"column":30},"end":{"line":16,"column":46}},"3":{"start":{"line":18,"column":24},"end":{"line":20,"column":3}},"4":{"start":{"line":19,"column":4},"end":{"line":19,"column":59}},"5":{"start":{"line":22,"column":2},"end":{"line":32,"column":4}}},"fnMap":{"0":{"name":"(anonymous_0)","decl":{"start":{"line":14,"column":28},"end":{"line":14,"column":29}},"loc":{"start":{"line":14,"column":34},"end":{"line":33,"column":1}},"line":14},"1":{"name":"(anonymous_1)","decl":{"start":{"line":18,"column":24},"end":{"line":18,"column":25}},"loc":{"start":{"line":19,"column":4},"end":{"line":19,"column":59}},"line":19}},"branchMap":{},"s":{"0":1,"1":4,"2":4,"3":4,"4":4,"5":4},"f":{"0":4,"1":4},"b":{},"_coverageSchema":"1a1c01bbd47fc00a2c39e90264f33305004495a9","hash":"24d68f01df4c97e9984b414e7931d90f29b9a15e"}
,"/Users/jmsims2/starter-kit/src/utils/TestProviders.tsx": {"path":"/Users/jmsims2/starter-kit/src/utils/TestProviders.tsx","statementMap":{"0":{"start":{"line":5,"column":19},"end":{"line":5,"column":35}},"1":{"start":{"line":7,"column":27},"end":{"line":10,"column":2}},"2":{"start":{"line":12,"column":38},"end":{"line":18,"column":1}},"3":{"start":{"line":13,"column":2},"end":{"line":17,"column":4}}},"fnMap":{"0":{"name":"(anonymous_0)","decl":{"start":{"line":12,"column":38},"end":{"line":12,"column":39}},"loc":{"start":{"line":12,"column":56},"end":{"line":18,"column":1}},"line":12}},"branchMap":{},"s":{"0":2,"1":2,"2":2,"3":4},"f":{"0":4},"b":{},"_coverageSchema":"1a1c01bbd47fc00a2c39e90264f33305004495a9","hash":"a20dea731be420987221d51a523e474b6f0b326c"}
,"/Users/jmsims2/starter-kit/src/utils/transforms.ts": {"path":"/Users/jmsims2/starter-kit/src/utils/transforms.ts","statementMap":{"0":{"start":{"line":11,"column":35},"end":{"line":21,"column":1}},"1":{"start":{"line":15,"column":22},"end":{"line":15,"column":51}},"2":{"start":{"line":16,"column":21},"end":{"line":16,"column":49}},"3":{"start":{"line":17,"column":14},"end":{"line":17,"column":23}},"4":{"start":{"line":18,"column":12},"end":{"line":18,"column":29}},"5":{"start":{"line":19,"column":12},"end":{"line":19,"column":77}},"6":{"start":{"line":20,"column":2},"end":{"line":20,"column":18}},"7":{"start":{"line":23,"column":40},"end":{"line":32,"column":1}},"8":{"start":{"line":27,"column":22},"end":{"line":27,"column":64}},"9":{"start":{"line":28,"column":22},"end":{"line":28,"column":64}},"10":{"start":{"line":29,"column":12},"end":{"line":29,"column":41}},"11":{"start":{"line":30,"column":12},"end":{"line":30,"column":44}},"12":{"start":{"line":31,"column":2},"end":{"line":31,"column":19}}},"fnMap":{"0":{"name":"(anonymous_0)","decl":{"start":{"line":11,"column":35},"end":{"line":11,"column":36}},"loc":{"start":{"line":14,"column":45},"end":{"line":21,"column":1}},"line":14},"1":{"name":"(anonymous_1)","decl":{"start":{"line":23,"column":40},"end":{"line":23,"column":41}},"loc":{"start":{"line":26,"column":55},"end":{"line":32,"column":1}},"line":26}},"branchMap":{},"s":{"0":4,"1":4,"2":4,"3":4,"4":4,"5":4,"6":4,"7":4,"8":2,"9":2,"10":2,"11":2,"12":2},"f":{"0":4,"1":2},"b":{},"_coverageSchema":"1a1c01bbd47fc00a2c39e90264f33305004495a9","hash":"09bb4d11a20e59c3bd110c1763788af902f6d733"}
}
