TN:
SF:src/assets/andy.jpeg
FNF:0
FNH:0
DA:1,2
LF:1
LH:1
BRF:0
BRH:0
end_of_record
TN:
SF:src/assets/spot_black_dropshadow_gradient.png
FNF:0
FNH:0
DA:1,3
LF:1
LH:1
BRF:0
BRH:0
end_of_record
TN:
SF:src/components/AddSpot.tsx
FN:13,(anonymous_0)
FN:16,(anonymous_1)
FN:18,(anonymous_2)
FNF:3
FNH:3
FNDA:10,(anonymous_0)
FNDA:2,(anonymous_1)
FNDA:1,(anonymous_2)
DA:13,2
DA:14,10
DA:16,10
DA:17,2
DA:19,1
DA:23,10
LF:6
LH:6
BRDA:27,0,0,10
BRDA:27,0,1,1
BRF:2
BRH:2
end_of_record
TN:
SF:src/components/SpotDataContext.tsx
FN:12,(anonymous_0)
FNF:1
FNH:1
FNDA:4,(anonymous_0)
DA:5,2
DA:6,2
DA:12,2
DA:13,4
LF:4
LH:4
BRF:0
BRH:0
end_of_record
TN:
SF:src/components/SpotFooter.tsx
FN:56,(anonymous_0)
FN:68,(anonymous_1)
FNF:2
FNH:2
FNDA:7,(anonymous_0)
FNDA:2,(anonymous_1)
DA:17,3
DA:56,3
DA:57,7
DA:68,2
LF:4
LH:4
BRDA:79,0,0,3
BRDA:79,0,1,4
BRDA:82,1,0,4
BRDA:82,1,1,3
BRF:4
BRH:4
end_of_record
TN:
SF:src/components/SpotMarker.tsx
FN:12,(anonymous_0)
FNF:1
FNH:1
FNDA:1,(anonymous_0)
DA:12,3
DA:17,1
DA:21,1
LF:3
LH:3
BRF:0
BRH:0
end_of_record
TN:
SF:src/components/index.ts
FNF:0
FNH:0
LF:0
LH:0
BRF:0
BRH:0
end_of_record
TN:
SF:src/hooks/useCreateSpot.ts
FN:6,useCreateSpot
FN:12,(anonymous_1)
FNF:2
FNH:2
FNDA:10,useCreateSpot
FNDA:2,(anonymous_1)
DA:7,10
DA:8,10
DA:9,0
DA:12,10
DA:13,2
DA:17,2
DA:18,1
LF:7
LH:6
BRDA:8,0,0,0
BRDA:8,0,1,10
BRDA:17,1,0,1
BRDA:17,1,1,1
BRF:4
BRH:3
end_of_record
TN:
SF:src/hooks/useGeolocation.ts
FN:18,(anonymous_0)
FN:27,useGeolocation
FN:36,(anonymous_2)
FN:38,(anonymous_3)
FN:41,(anonymous_4)
FN:45,(anonymous_5)
FNF:6
FNH:5
FNDA:3,(anonymous_0)
FNDA:6,useGeolocation
FNDA:3,(anonymous_2)
FNDA:3,(anonymous_3)
FNDA:0,(anonymous_4)
FNDA:2,(anonymous_5)
DA:18,2
DA:19,3
DA:21,3
DA:23,0
DA:28,6
DA:36,6
DA:37,3
DA:39,3
DA:41,0
DA:45,3
DA:48,6
LF:11
LH:9
BRDA:19,0,0,3
BRDA:19,0,1,0
BRF:2
BRH:1
end_of_record
TN:
SF:src/mock-api/baseResource.ts
FNF:0
FNH:0
DA:1,6
LF:1
LH:1
BRF:0
BRH:0
end_of_record
TN:
SF:src/mock-api/createSpotHandler.ts
FN:7,(anonymous_0)
FNF:1
FNH:1
FNDA:1,(anonymous_0)
DA:4,6
DA:6,6
DA:8,1
LF:3
LH:3
BRF:0
BRH:0
end_of_record
TN:
SF:src/mock-api/index.ts
FNF:0
FNH:0
LF:0
LH:0
BRF:0
BRH:0
end_of_record
TN:
SF:src/mock-api/server.ts
FN:5,(anonymous_0)
FNF:1
FNH:1
FNDA:1,(anonymous_0)
DA:5,6
DA:9,1
DA:10,6
LF:3
LH:3
BRF:0
BRH:0
end_of_record
TN:
SF:src/screens/SpotControls.tsx
FN:14,(anonymous_0)
FN:18,(anonymous_1)
FNF:2
FNH:2
FNDA:4,(anonymous_0)
FNDA:4,(anonymous_1)
DA:14,1
DA:15,4
DA:16,4
DA:18,4
DA:19,4
DA:22,4
LF:6
LH:6
BRF:0
BRH:0
end_of_record
TN:
SF:src/utils/TestProviders.tsx
FN:12,(anonymous_0)
FNF:1
FNH:1
FNDA:4,(anonymous_0)
DA:5,2
DA:7,2
DA:12,2
DA:13,4
LF:4
LH:4
BRF:0
BRH:0
end_of_record
TN:
SF:src/utils/transforms.ts
FN:11,(anonymous_0)
FN:23,(anonymous_1)
FNF:2
FNH:2
FNDA:4,(anonymous_0)
FNDA:2,(anonymous_1)
DA:11,4
DA:15,4
DA:16,4
DA:17,4
DA:18,4
DA:19,4
DA:20,4
DA:23,4
DA:27,2
DA:28,2
DA:29,2
DA:30,2
DA:31,2
LF:13
LH:13
BRF:0
BRH:0
end_of_record
